[2019-02-04 14:02:58] batch.DEBUG: Job execution starting: startTime=, endTime=, updatedTime=, status=2, exitStatus=[UNKNOWN] , exitDescription=[], job=[fixtures_currency_csv] [] []
[2019-02-04 14:02:58] batch.INFO: Step execution starting: id=0, name=[validation], status=[2], exitCode=[EXECUTING], exitDescription=[] [] []
[2019-02-04 14:02:58] batch.DEBUG: Step execution success: id= 1 [] []
[2019-02-04 14:02:58] batch.DEBUG: Step execution complete: id=1, name=[validation], status=[1], exitCode=[EXECUTING], exitDescription=[] [] []
[2019-02-04 14:02:59] batch.INFO: Step execution starting: id=0, name=[import], status=[2], exitCode=[EXECUTING], exitDescription=[] [] []
[2019-02-04 14:03:02] batch.DEBUG: Step execution success: id= 2 [] []
[2019-02-04 14:03:02] batch.DEBUG: Step execution complete: id=2, name=[import], status=[1], exitCode=[EXECUTING], exitDescription=[] [] []
[2019-02-04 14:03:02] batch.DEBUG: Upgrading JobExecution status: startTime=2019-02-04T14:02:58+00:00, endTime=, updatedTime=, status=3, exitStatus=[UNKNOWN] , exitDescription=[], job=[fixtures_currency_csv] [] []
[2019-02-04 14:03:02] batch.DEBUG: Job execution starting: startTime=, endTime=, updatedTime=, status=2, exitStatus=[UNKNOWN] , exitDescription=[], job=[fixtures_locale_csv] [] []
[2019-02-04 14:03:02] batch.INFO: Step execution starting: id=0, name=[validation], status=[2], exitCode=[EXECUTING], exitDescription=[] [] []
[2019-02-04 14:03:02] batch.DEBUG: Step execution success: id= 3 [] []
[2019-02-04 14:03:02] batch.DEBUG: Step execution complete: id=3, name=[validation], status=[1], exitCode=[EXECUTING], exitDescription=[] [] []
[2019-02-04 14:03:02] batch.INFO: Step execution starting: id=0, name=[import], status=[2], exitCode=[EXECUTING], exitDescription=[] [] []
[2019-02-04 14:03:05] batch.DEBUG: Step execution success: id= 4 [] []
[2019-02-04 14:03:05] batch.DEBUG: Step execution complete: id=4, name=[import], status=[1], exitCode=[EXECUTING], exitDescription=[] [] []
[2019-02-04 14:03:05] batch.DEBUG: Upgrading JobExecution status: startTime=2019-02-04T14:03:02+00:00, endTime=, updatedTime=, status=3, exitStatus=[UNKNOWN] , exitDescription=[], job=[fixtures_locale_csv] [] []
[2019-02-04 14:03:05] batch.DEBUG: Job execution starting: startTime=, endTime=, updatedTime=, status=2, exitStatus=[UNKNOWN] , exitDescription=[], job=[fixtures_user_group_csv] [] []
[2019-02-04 14:03:05] batch.INFO: Step execution starting: id=0, name=[validation], status=[2], exitCode=[EXECUTING], exitDescription=[] [] []
[2019-02-04 14:03:05] batch.DEBUG: Step execution success: id= 5 [] []
[2019-02-04 14:03:05] batch.DEBUG: Step execution complete: id=5, name=[validation], status=[1], exitCode=[EXECUTING], exitDescription=[] [] []
[2019-02-04 14:03:05] batch.INFO: Step execution starting: id=0, name=[import], status=[2], exitCode=[EXECUTING], exitDescription=[] [] []
[2019-02-04 14:03:05] batch.DEBUG: Step execution success: id= 6 [] []
[2019-02-04 14:03:05] batch.DEBUG: Step execution complete: id=6, name=[import], status=[1], exitCode=[EXECUTING], exitDescription=[] [] []
[2019-02-04 14:03:05] batch.DEBUG: Upgrading JobExecution status: startTime=2019-02-04T14:03:05+00:00, endTime=, updatedTime=, status=3, exitStatus=[UNKNOWN] , exitDescription=[], job=[fixtures_user_group_csv] [] []
[2019-02-04 14:03:05] batch.DEBUG: Job execution starting: startTime=, endTime=, updatedTime=, status=2, exitStatus=[UNKNOWN] , exitDescription=[], job=[fixtures_category_csv] [] []
[2019-02-04 14:03:05] batch.INFO: Step execution starting: id=0, name=[validation], status=[2], exitCode=[EXECUTING], exitDescription=[] [] []
[2019-02-04 14:03:05] batch.DEBUG: Step execution success: id= 7 [] []
[2019-02-04 14:03:05] batch.DEBUG: Step execution complete: id=7, name=[validation], status=[1], exitCode=[EXECUTING], exitDescription=[] [] []
[2019-02-04 14:03:05] batch.INFO: Step execution starting: id=0, name=[import], status=[2], exitCode=[EXECUTING], exitDescription=[] [] []
[2019-02-04 14:03:12] batch.DEBUG: Step execution success: id= 8 [] []
[2019-02-04 14:03:12] batch.DEBUG: Step execution complete: id=8, name=[import], status=[1], exitCode=[EXECUTING], exitDescription=[] [] []
[2019-02-04 14:03:12] batch.DEBUG: Upgrading JobExecution status: startTime=2019-02-04T14:03:05+00:00, endTime=, updatedTime=, status=3, exitStatus=[UNKNOWN] , exitDescription=[], job=[fixtures_category_csv] [] []
[2019-02-04 14:03:12] batch.DEBUG: Job execution starting: startTime=, endTime=, updatedTime=, status=2, exitStatus=[UNKNOWN] , exitDescription=[], job=[fixtures_attribute_group_csv] [] []
[2019-02-04 14:03:12] batch.INFO: Step execution starting: id=0, name=[validation], status=[2], exitCode=[EXECUTING], exitDescription=[] [] []
[2019-02-04 14:03:12] batch.DEBUG: Step execution success: id= 9 [] []
[2019-02-04 14:03:12] batch.DEBUG: Step execution complete: id=9, name=[validation], status=[1], exitCode=[EXECUTING], exitDescription=[] [] []
[2019-02-04 14:03:12] batch.INFO: Step execution starting: id=0, name=[import], status=[2], exitCode=[EXECUTING], exitDescription=[] [] []
[2019-02-04 14:03:12] batch.DEBUG: Step execution success: id= 10 [] []
[2019-02-04 14:03:12] batch.DEBUG: Step execution complete: id=10, name=[import], status=[1], exitCode=[EXECUTING], exitDescription=[] [] []
[2019-02-04 14:03:12] batch.DEBUG: Upgrading JobExecution status: startTime=2019-02-04T14:03:12+00:00, endTime=, updatedTime=, status=3, exitStatus=[UNKNOWN] , exitDescription=[], job=[fixtures_attribute_group_csv] [] []
[2019-02-04 14:03:13] batch.DEBUG: Job execution starting: startTime=, endTime=, updatedTime=, status=2, exitStatus=[UNKNOWN] , exitDescription=[], job=[fixtures_group_type_csv] [] []
[2019-02-04 14:03:13] batch.INFO: Step execution starting: id=0, name=[validation], status=[2], exitCode=[EXECUTING], exitDescription=[] [] []
[2019-02-04 14:03:13] batch.DEBUG: Step execution success: id= 11 [] []
[2019-02-04 14:03:13] batch.DEBUG: Step execution complete: id=11, name=[validation], status=[1], exitCode=[EXECUTING], exitDescription=[] [] []
[2019-02-04 14:03:13] batch.INFO: Step execution starting: id=0, name=[import], status=[2], exitCode=[EXECUTING], exitDescription=[] [] []
[2019-02-04 14:03:13] batch.DEBUG: Step execution success: id= 12 [] []
[2019-02-04 14:03:13] batch.DEBUG: Step execution complete: id=12, name=[import], status=[1], exitCode=[EXECUTING], exitDescription=[] [] []
[2019-02-04 14:03:13] batch.DEBUG: Upgrading JobExecution status: startTime=2019-02-04T14:03:13+00:00, endTime=, updatedTime=, status=3, exitStatus=[UNKNOWN] , exitDescription=[], job=[fixtures_group_type_csv] [] []
[2019-02-04 14:03:13] batch.DEBUG: Job execution starting: startTime=, endTime=, updatedTime=, status=2, exitStatus=[UNKNOWN] , exitDescription=[], job=[fixtures_attribute_csv] [] []
[2019-02-04 14:03:13] batch.INFO: Step execution starting: id=0, name=[validation], status=[2], exitCode=[EXECUTING], exitDescription=[] [] []
[2019-02-04 14:03:13] batch.DEBUG: Step execution success: id= 13 [] []
[2019-02-04 14:03:13] batch.DEBUG: Step execution complete: id=13, name=[validation], status=[1], exitCode=[EXECUTING], exitDescription=[] [] []
[2019-02-04 14:03:13] batch.INFO: Step execution starting: id=0, name=[import], status=[2], exitCode=[EXECUTING], exitDescription=[] [] []
[2019-02-04 14:03:15] batch.DEBUG: Step execution success: id= 14 [] []
[2019-02-04 14:03:15] batch.DEBUG: Step execution complete: id=14, name=[import], status=[1], exitCode=[EXECUTING], exitDescription=[] [] []
[2019-02-04 14:03:15] batch.DEBUG: Upgrading JobExecution status: startTime=2019-02-04T14:03:13+00:00, endTime=, updatedTime=, status=3, exitStatus=[UNKNOWN] , exitDescription=[], job=[fixtures_attribute_csv] [] []
[2019-02-04 14:03:15] batch.DEBUG: Job execution starting: startTime=, endTime=, updatedTime=, status=2, exitStatus=[UNKNOWN] , exitDescription=[], job=[fixtures_channel_csv] [] []
[2019-02-04 14:03:15] batch.INFO: Step execution starting: id=0, name=[validation], status=[2], exitCode=[EXECUTING], exitDescription=[] [] []
[2019-02-04 14:03:15] batch.DEBUG: Step execution success: id= 15 [] []
[2019-02-04 14:03:15] batch.DEBUG: Step execution complete: id=15, name=[validation], status=[1], exitCode=[EXECUTING], exitDescription=[] [] []
[2019-02-04 14:03:15] batch.INFO: Step execution starting: id=0, name=[import], status=[2], exitCode=[EXECUTING], exitDescription=[] [] []
[2019-02-04 14:03:15] batch.DEBUG: Step execution success: id= 16 [] []
[2019-02-04 14:03:15] batch.DEBUG: Step execution complete: id=16, name=[import], status=[1], exitCode=[EXECUTING], exitDescription=[] [] []
[2019-02-04 14:03:15] batch.DEBUG: Upgrading JobExecution status: startTime=2019-02-04T14:03:15+00:00, endTime=, updatedTime=, status=3, exitStatus=[UNKNOWN] , exitDescription=[], job=[fixtures_channel_csv] [] []
[2019-02-04 14:03:15] batch.DEBUG: Job execution starting: startTime=, endTime=, updatedTime=, status=2, exitStatus=[UNKNOWN] , exitDescription=[], job=[fixtures_association_type_csv] [] []
[2019-02-04 14:03:15] batch.INFO: Step execution starting: id=0, name=[validation], status=[2], exitCode=[EXECUTING], exitDescription=[] [] []
[2019-02-04 14:03:15] batch.DEBUG: Step execution success: id= 17 [] []
[2019-02-04 14:03:15] batch.DEBUG: Step execution complete: id=17, name=[validation], status=[1], exitCode=[EXECUTING], exitDescription=[] [] []
[2019-02-04 14:03:15] batch.INFO: Step execution starting: id=0, name=[import], status=[2], exitCode=[EXECUTING], exitDescription=[] [] []
[2019-02-04 14:03:15] batch.DEBUG: Step execution success: id= 18 [] []
[2019-02-04 14:03:15] batch.DEBUG: Step execution complete: id=18, name=[import], status=[1], exitCode=[EXECUTING], exitDescription=[] [] []
[2019-02-04 14:03:15] batch.DEBUG: Upgrading JobExecution status: startTime=2019-02-04T14:03:15+00:00, endTime=, updatedTime=, status=3, exitStatus=[UNKNOWN] , exitDescription=[], job=[fixtures_association_type_csv] [] []
[2019-02-04 14:03:15] batch.DEBUG: Job execution starting: startTime=, endTime=, updatedTime=, status=2, exitStatus=[UNKNOWN] , exitDescription=[], job=[fixtures_attribute_options_csv] [] []
[2019-02-04 14:03:15] batch.INFO: Step execution starting: id=0, name=[validation], status=[2], exitCode=[EXECUTING], exitDescription=[] [] []
[2019-02-04 14:03:15] batch.DEBUG: Step execution success: id= 19 [] []
[2019-02-04 14:03:15] batch.DEBUG: Step execution complete: id=19, name=[validation], status=[1], exitCode=[EXECUTING], exitDescription=[] [] []
[2019-02-04 14:03:15] batch.INFO: Step execution starting: id=0, name=[import], status=[2], exitCode=[EXECUTING], exitDescription=[] [] []
[2019-02-04 14:03:18] batch.DEBUG: Step execution success: id= 20 [] []
[2019-02-04 14:03:18] batch.DEBUG: Step execution complete: id=20, name=[import], status=[1], exitCode=[EXECUTING], exitDescription=[] [] []
[2019-02-04 14:03:18] batch.DEBUG: Upgrading JobExecution status: startTime=2019-02-04T14:03:15+00:00, endTime=, updatedTime=, status=3, exitStatus=[UNKNOWN] , exitDescription=[], job=[fixtures_attribute_options_csv] [] []
[2019-02-04 14:03:18] batch.DEBUG: Job execution starting: startTime=, endTime=, updatedTime=, status=2, exitStatus=[UNKNOWN] , exitDescription=[], job=[fixtures_family_csv] [] []
[2019-02-04 14:03:18] batch.INFO: Step execution starting: id=0, name=[validation], status=[2], exitCode=[EXECUTING], exitDescription=[] [] []
[2019-02-04 14:03:18] batch.DEBUG: Step execution success: id= 21 [] []
[2019-02-04 14:03:18] batch.DEBUG: Step execution complete: id=21, name=[validation], status=[1], exitCode=[EXECUTING], exitDescription=[] [] []
[2019-02-04 14:03:18] batch.INFO: Step execution starting: id=0, name=[import], status=[2], exitCode=[EXECUTING], exitDescription=[] [] []
[2019-02-04 14:03:20] batch.DEBUG: Step execution success: id= 22 [] []
[2019-02-04 14:03:20] batch.DEBUG: Step execution complete: id=22, name=[import], status=[1], exitCode=[EXECUTING], exitDescription=[] [] []
[2019-02-04 14:03:20] batch.DEBUG: Upgrading JobExecution status: startTime=2019-02-04T14:03:18+00:00, endTime=, updatedTime=, status=3, exitStatus=[UNKNOWN] , exitDescription=[], job=[fixtures_family_csv] [] []
[2019-02-04 14:03:20] batch.DEBUG: Job execution starting: startTime=, endTime=, updatedTime=, status=2, exitStatus=[UNKNOWN] , exitDescription=[], job=[fixtures_job_yml] [] []
[2019-02-04 14:03:20] batch.INFO: Step execution starting: id=0, name=[validation], status=[2], exitCode=[EXECUTING], exitDescription=[] [] []
[2019-02-04 14:03:20] batch.DEBUG: Step execution success: id= 23 [] []
[2019-02-04 14:03:20] batch.DEBUG: Step execution complete: id=23, name=[validation], status=[1], exitCode=[EXECUTING], exitDescription=[] [] []
[2019-02-04 14:03:20] batch.INFO: Step execution starting: id=0, name=[import], status=[2], exitCode=[EXECUTING], exitDescription=[] [] []
[2019-02-04 14:03:21] batch.DEBUG: Step execution success: id= 24 [] []
[2019-02-04 14:03:21] batch.DEBUG: Step execution complete: id=24, name=[import], status=[1], exitCode=[EXECUTING], exitDescription=[] [] []
[2019-02-04 14:03:21] batch.DEBUG: Upgrading JobExecution status: startTime=2019-02-04T14:03:20+00:00, endTime=, updatedTime=, status=3, exitStatus=[UNKNOWN] , exitDescription=[], job=[fixtures_job_yml] [] []
[2019-02-04 14:03:21] batch.DEBUG: Job execution starting: startTime=, endTime=, updatedTime=, status=2, exitStatus=[UNKNOWN] , exitDescription=[], job=[fixtures_family_variant_csv] [] []
[2019-02-04 14:03:21] batch.INFO: Step execution starting: id=0, name=[validation], status=[2], exitCode=[EXECUTING], exitDescription=[] [] []
[2019-02-04 14:03:21] batch.DEBUG: Step execution success: id= 25 [] []
[2019-02-04 14:03:21] batch.DEBUG: Step execution complete: id=25, name=[validation], status=[1], exitCode=[EXECUTING], exitDescription=[] [] []
[2019-02-04 14:03:21] batch.INFO: Step execution starting: id=0, name=[import], status=[2], exitCode=[EXECUTING], exitDescription=[] [] []
[2019-02-04 14:03:22] batch.DEBUG: Step execution success: id= 26 [] []
[2019-02-04 14:03:22] batch.DEBUG: Step execution complete: id=26, name=[import], status=[1], exitCode=[EXECUTING], exitDescription=[] [] []
[2019-02-04 14:03:22] batch.DEBUG: Upgrading JobExecution status: startTime=2019-02-04T14:03:21+00:00, endTime=, updatedTime=, status=3, exitStatus=[UNKNOWN] , exitDescription=[], job=[fixtures_family_variant_csv] [] []
[2019-02-04 14:03:22] batch.DEBUG: Job execution starting: startTime=, endTime=, updatedTime=, status=2, exitStatus=[UNKNOWN] , exitDescription=[], job=[fixtures_group_csv] [] []
[2019-02-04 14:03:22] batch.INFO: Step execution starting: id=0, name=[validation], status=[2], exitCode=[EXECUTING], exitDescription=[] [] []
[2019-02-04 14:03:22] batch.DEBUG: Step execution success: id= 27 [] []
[2019-02-04 14:03:22] batch.DEBUG: Step execution complete: id=27, name=[validation], status=[1], exitCode=[EXECUTING], exitDescription=[] [] []
[2019-02-04 14:03:22] batch.INFO: Step execution starting: id=0, name=[import], status=[2], exitCode=[EXECUTING], exitDescription=[] [] []
[2019-02-04 14:03:22] batch.DEBUG: Step execution success: id= 28 [] []
[2019-02-04 14:03:22] batch.DEBUG: Step execution complete: id=28, name=[import], status=[1], exitCode=[EXECUTING], exitDescription=[] [] []
[2019-02-04 14:03:22] batch.DEBUG: Upgrading JobExecution status: startTime=2019-02-04T14:03:22+00:00, endTime=, updatedTime=, status=3, exitStatus=[UNKNOWN] , exitDescription=[], job=[fixtures_group_csv] [] []
[2019-02-04 14:03:22] batch.DEBUG: Job execution starting: startTime=, endTime=, updatedTime=, status=2, exitStatus=[UNKNOWN] , exitDescription=[], job=[fixtures_user_role_csv] [] []
[2019-02-04 14:03:22] batch.INFO: Step execution starting: id=0, name=[validation], status=[2], exitCode=[EXECUTING], exitDescription=[] [] []
[2019-02-04 14:03:22] batch.DEBUG: Step execution success: id= 29 [] []
[2019-02-04 14:03:22] batch.DEBUG: Step execution complete: id=29, name=[validation], status=[1], exitCode=[EXECUTING], exitDescription=[] [] []
[2019-02-04 14:03:22] batch.INFO: Step execution starting: id=0, name=[import], status=[2], exitCode=[EXECUTING], exitDescription=[] [] []
[2019-02-04 14:03:22] batch.DEBUG: Step execution success: id= 30 [] []
[2019-02-04 14:03:22] batch.DEBUG: Step execution complete: id=30, name=[import], status=[1], exitCode=[EXECUTING], exitDescription=[] [] []
[2019-02-04 14:03:22] batch.DEBUG: Upgrading JobExecution status: startTime=2019-02-04T14:03:22+00:00, endTime=, updatedTime=, status=3, exitStatus=[UNKNOWN] , exitDescription=[], job=[fixtures_user_role_csv] [] []
[2019-02-04 14:03:22] batch.DEBUG: Job execution starting: startTime=, endTime=, updatedTime=, status=2, exitStatus=[UNKNOWN] , exitDescription=[], job=[fixtures_user_csv] [] []
[2019-02-04 14:03:22] batch.INFO: Step execution starting: id=0, name=[validation], status=[2], exitCode=[EXECUTING], exitDescription=[] [] []
[2019-02-04 14:03:22] batch.DEBUG: Step execution success: id= 31 [] []
[2019-02-04 14:03:22] batch.DEBUG: Step execution complete: id=31, name=[validation], status=[1], exitCode=[EXECUTING], exitDescription=[] [] []
[2019-02-04 14:03:22] batch.INFO: Step execution starting: id=0, name=[import], status=[2], exitCode=[EXECUTING], exitDescription=[] [] []
[2019-02-04 14:03:22] batch.DEBUG: Step execution success: id= 32 [] []
[2019-02-04 14:03:22] batch.DEBUG: Step execution complete: id=32, name=[import], status=[1], exitCode=[EXECUTING], exitDescription=[] [] []
[2019-02-04 14:03:22] batch.DEBUG: Upgrading JobExecution status: startTime=2019-02-04T14:03:22+00:00, endTime=, updatedTime=, status=3, exitStatus=[UNKNOWN] , exitDescription=[], job=[fixtures_user_csv] [] []
[2019-02-04 14:03:22] batch.DEBUG: Job execution starting: startTime=, endTime=, updatedTime=, status=2, exitStatus=[UNKNOWN] , exitDescription=[], job=[fixtures_product_model_csv] [] []
[2019-02-04 14:03:22] batch.INFO: Step execution starting: id=0, name=[validation], status=[2], exitCode=[EXECUTING], exitDescription=[] [] []
[2019-02-04 14:03:22] batch.DEBUG: Step execution success: id= 33 [] []
[2019-02-04 14:03:22] batch.DEBUG: Step execution complete: id=33, name=[validation], status=[1], exitCode=[EXECUTING], exitDescription=[] [] []
[2019-02-04 14:03:22] batch.INFO: Step execution starting: id=0, name=[import_root_product_model], status=[2], exitCode=[EXECUTING], exitDescription=[] [] []
[2019-02-04 14:03:32] batch.DEBUG: Step execution success: id= 34 [] []
[2019-02-04 14:03:32] batch.DEBUG: Step execution complete: id=34, name=[import_root_product_model], status=[1], exitCode=[EXECUTING], exitDescription=[] [] []
[2019-02-04 14:03:32] batch.INFO: Step execution starting: id=0, name=[import_sub_product_model], status=[2], exitCode=[EXECUTING], exitDescription=[] [] []
[2019-02-04 14:03:38] batch.DEBUG: Step execution success: id= 35 [] []
[2019-02-04 14:03:38] batch.DEBUG: Step execution complete: id=35, name=[import_sub_product_model], status=[1], exitCode=[EXECUTING], exitDescription=[] [] []
[2019-02-04 14:03:38] batch.INFO: Step execution starting: id=0, name=[import_product_model_descendants], status=[2], exitCode=[EXECUTING], exitDescription=[] [] []
[2019-02-04 14:03:49] batch.DEBUG: Step execution success: id= 36 [] []
[2019-02-04 14:03:49] batch.DEBUG: Step execution complete: id=36, name=[import_product_model_descendants], status=[1], exitCode=[EXECUTING], exitDescription=[] [] []
[2019-02-04 14:03:49] batch.DEBUG: Upgrading JobExecution status: startTime=2019-02-04T14:03:22+00:00, endTime=, updatedTime=, status=3, exitStatus=[UNKNOWN] , exitDescription=[], job=[fixtures_product_model_csv] [] []
[2019-02-04 14:03:49] batch.DEBUG: Job execution starting: startTime=, endTime=, updatedTime=, status=2, exitStatus=[UNKNOWN] , exitDescription=[], job=[fixtures_product_csv] [] []
[2019-02-04 14:03:49] batch.INFO: Step execution starting: id=0, name=[validation], status=[2], exitCode=[EXECUTING], exitDescription=[] [] []
[2019-02-04 14:03:49] batch.DEBUG: Step execution success: id= 37 [] []
[2019-02-04 14:03:49] batch.DEBUG: Step execution complete: id=37, name=[validation], status=[1], exitCode=[EXECUTING], exitDescription=[] [] []
[2019-02-04 14:03:49] batch.INFO: Step execution starting: id=0, name=[import], status=[2], exitCode=[EXECUTING], exitDescription=[] [] []
[2019-02-04 14:07:34] batch.DEBUG: Step execution success: id= 38 [] []
[2019-02-04 14:07:34] batch.DEBUG: Step execution complete: id=38, name=[import], status=[1], exitCode=[EXECUTING], exitDescription=[] [] []
[2019-02-04 14:07:34] batch.INFO: Step execution starting: id=0, name=[import_associations], status=[2], exitCode=[EXECUTING], exitDescription=[] [] []
[2019-02-04 14:08:11] batch.DEBUG: Step execution success: id= 39 [] []
[2019-02-04 14:08:11] batch.DEBUG: Step execution complete: id=39, name=[import_associations], status=[1], exitCode=[EXECUTING], exitDescription=[] [] []
[2019-02-04 14:08:11] batch.DEBUG: Upgrading JobExecution status: startTime=2019-02-04T14:03:49+00:00, endTime=, updatedTime=, status=3, exitStatus=[UNKNOWN] , exitDescription=[], job=[fixtures_product_csv] [] []
